2020-09-04 20:03:59 | INFO  | com.back.weins.WeinsApplication | StartupInfoLogger.java:55 | Starting WeinsApplication on DESKTOP-OTKENAM with PID 14136 (F:\summerholiday\0707\WeIns_B\target\classes started by dell in F:\summerholiday\0707\WeIns_B)
2020-09-04 20:03:59 | INFO  | com.back.weins.WeinsApplication | SpringApplication.java:651 | No active profile set, falling back to default profiles: default
2020-09-04 20:04:03 | WARN  | org.mybatis.spring.mapper.ClassPathMapperScanner | ClassPathMapperScanner.java:167 | No MyBatis mapper was found in '[com.back.weins]' package. Please check your configuration.
2020-09-04 20:04:04 | INFO  | org.springframework.data.repository.config.RepositoryConfigurationDelegate | RepositoryConfigurationDelegate.java:249 | Multiple Spring Data modules found, entering strict repository configuration mode!
2020-09-04 20:04:04 | INFO  | org.springframework.data.repository.config.RepositoryConfigurationDelegate | RepositoryConfigurationDelegate.java:127 | Bootstrapping Spring Data JPA repositories in DEFERRED mode.
2020-09-04 20:04:04 | INFO  | org.springframework.data.repository.config.RepositoryConfigurationExtensionSupport | RepositoryConfigurationExtensionSupport.java:348 | Spring Data JPA - Could not safely identify store assignment for repository candidate interface com.back.weins.repository.BlogMongoRepository. If you want this repository to be a JPA repository, consider annotating your entities with one of these annotations: javax.persistence.Entity, javax.persistence.MappedSuperclass (preferred), or consider extending one of the following types with your repository: org.springframework.data.jpa.repository.JpaRepository.
2020-09-04 20:04:04 | INFO  | org.springframework.data.repository.config.RepositoryConfigurationExtensionSupport | RepositoryConfigurationExtensionSupport.java:348 | Spring Data JPA - Could not safely identify store assignment for repository candidate interface com.back.weins.repository.UserMongoRepository. If you want this repository to be a JPA repository, consider annotating your entities with one of these annotations: javax.persistence.Entity, javax.persistence.MappedSuperclass (preferred), or consider extending one of the following types with your repository: org.springframework.data.jpa.repository.JpaRepository.
2020-09-04 20:04:04 | INFO  | org.springframework.data.repository.config.RepositoryConfigurationDelegate | RepositoryConfigurationDelegate.java:187 | Finished Spring Data repository scanning in 255ms. Found 5 JPA repository interfaces.
2020-09-04 20:04:04 | INFO  | org.springframework.data.repository.config.RepositoryConfigurationDelegate | RepositoryConfigurationDelegate.java:249 | Multiple Spring Data modules found, entering strict repository configuration mode!
2020-09-04 20:04:04 | INFO  | org.springframework.data.repository.config.RepositoryConfigurationDelegate | RepositoryConfigurationDelegate.java:127 | Bootstrapping Spring Data MongoDB repositories in DEFAULT mode.
2020-09-04 20:04:04 | INFO  | org.springframework.data.repository.config.RepositoryConfigurationExtensionSupport | RepositoryConfigurationExtensionSupport.java:348 | Spring Data MongoDB - Could not safely identify store assignment for repository candidate interface com.back.weins.repository.BlogRepository. If you want this repository to be a MongoDB repository, consider annotating your entities with one of these annotations: org.springframework.data.mongodb.core.mapping.Document (preferred), or consider extending one of the following types with your repository: org.springframework.data.mongodb.repository.MongoRepository.
2020-09-04 20:04:04 | INFO  | org.springframework.data.repository.config.RepositoryConfigurationExtensionSupport | RepositoryConfigurationExtensionSupport.java:348 | Spring Data MongoDB - Could not safely identify store assignment for repository candidate interface com.back.weins.repository.CommentRepository. If you want this repository to be a MongoDB repository, consider annotating your entities with one of these annotations: org.springframework.data.mongodb.core.mapping.Document (preferred), or consider extending one of the following types with your repository: org.springframework.data.mongodb.repository.MongoRepository.
2020-09-04 20:04:04 | INFO  | org.springframework.data.repository.config.RepositoryConfigurationExtensionSupport | RepositoryConfigurationExtensionSupport.java:348 | Spring Data MongoDB - Could not safely identify store assignment for repository candidate interface com.back.weins.repository.LabelAndBlogRepository. If you want this repository to be a MongoDB repository, consider annotating your entities with one of these annotations: org.springframework.data.mongodb.core.mapping.Document (preferred), or consider extending one of the following types with your repository: org.springframework.data.mongodb.repository.MongoRepository.
2020-09-04 20:04:04 | INFO  | org.springframework.data.repository.config.RepositoryConfigurationExtensionSupport | RepositoryConfigurationExtensionSupport.java:348 | Spring Data MongoDB - Could not safely identify store assignment for repository candidate interface com.back.weins.repository.LabelRepository. If you want this repository to be a MongoDB repository, consider annotating your entities with one of these annotations: org.springframework.data.mongodb.core.mapping.Document (preferred), or consider extending one of the following types with your repository: org.springframework.data.mongodb.repository.MongoRepository.
2020-09-04 20:04:04 | INFO  | org.springframework.data.repository.config.RepositoryConfigurationExtensionSupport | RepositoryConfigurationExtensionSupport.java:348 | Spring Data MongoDB - Could not safely identify store assignment for repository candidate interface com.back.weins.repository.UserRepository. If you want this repository to be a MongoDB repository, consider annotating your entities with one of these annotations: org.springframework.data.mongodb.core.mapping.Document (preferred), or consider extending one of the following types with your repository: org.springframework.data.mongodb.repository.MongoRepository.
2020-09-04 20:04:04 | INFO  | org.springframework.data.repository.config.RepositoryConfigurationDelegate | RepositoryConfigurationDelegate.java:187 | Finished Spring Data repository scanning in 17ms. Found 2 MongoDB repository interfaces.
2020-09-04 20:04:06 | INFO  | org.springframework.boot.web.embedded.tomcat.TomcatWebServer | TomcatWebServer.java:108 | Tomcat initialized with port(s): 8088 (http)
2020-09-04 20:04:06 | INFO  | org.apache.coyote.http11.Http11NioProtocol | DirectJDKLog.java:173 | Initializing ProtocolHandler ["http-nio-8088"]
2020-09-04 20:04:06 | INFO  | org.apache.catalina.core.StandardService | DirectJDKLog.java:173 | Starting service [Tomcat]
2020-09-04 20:04:06 | INFO  | org.apache.catalina.core.StandardEngine | DirectJDKLog.java:173 | Starting Servlet engine: [Apache Tomcat/9.0.36]
2020-09-04 20:04:06 | INFO  | org.apache.catalina.core.ContainerBase.[Tomcat].[localhost].[/] | DirectJDKLog.java:173 | Initializing Spring embedded WebApplicationContext
2020-09-04 20:04:06 | INFO  | org.springframework.boot.web.servlet.context.ServletWebServerApplicationContext | ServletWebServerApplicationContext.java:285 | Root WebApplicationContext: initialization completed in 7460 ms
2020-09-04 20:04:08 | INFO  | org.springframework.scheduling.concurrent.ThreadPoolTaskExecutor | ExecutorConfigurationSupport.java:181 | Initializing ExecutorService 'applicationTaskExecutor'
2020-09-04 20:04:08 | INFO  | org.hibernate.jpa.internal.util.LogHelper | LogHelper.java:31 | HHH000204: Processing PersistenceUnitInfo [name: default]
2020-09-04 20:04:09 | INFO  | org.hibernate.Version | Version.java:44 | HHH000412: Hibernate ORM core version 5.4.17.Final
2020-09-04 20:04:10 | INFO  | org.mongodb.driver.cluster | SLF4JLogger.java:71 | Cluster created with settings {hosts=[localhost:27017], mode=SINGLE, requiredClusterType=UNKNOWN, serverSelectionTimeout='30000 ms'}
2020-09-04 20:04:10 | INFO  | org.mongodb.driver.connection | SLF4JLogger.java:71 | Opened connection [connectionId{localValue:1, serverValue:80}] to localhost:27017
2020-09-04 20:04:10 | INFO  | org.hibernate.annotations.common.Version | JavaReflectionManager.java:49 | HCANN000001: Hibernate Commons Annotations {5.1.0.Final}
2020-09-04 20:04:10 | INFO  | org.mongodb.driver.cluster | SLF4JLogger.java:71 | Monitor thread successfully connected to server with description ServerDescription{address=localhost:27017, type=STANDALONE, state=CONNECTED, ok=true, minWireVersion=0, maxWireVersion=7, maxDocumentSize=16777216, logicalSessionTimeoutMinutes=30, roundTripTimeNanos=11820000}
2020-09-04 20:04:11 | INFO  | com.zaxxer.hikari.HikariDataSource | HikariDataSource.java:110 | HikariPool-1 - Starting...
2020-09-04 20:04:12 | INFO  | com.zaxxer.hikari.HikariDataSource | HikariDataSource.java:123 | HikariPool-1 - Start completed.
2020-09-04 20:04:13 | INFO  | org.hibernate.dialect.Dialect | Dialect.java:172 | HHH000400: Using dialect: org.hibernate.dialect.MySQL57Dialect
2020-09-04 20:04:14 | WARN  | org.springframework.boot.autoconfigure.orm.jpa.JpaBaseConfiguration$JpaWebConfiguration | JpaBaseConfiguration.java:220 | spring.jpa.open-in-view is enabled by default. Therefore, database queries may be performed during view rendering. Explicitly configure spring.jpa.open-in-view to disable this warning
2020-09-04 20:04:16 | INFO  | org.hibernate.engine.transaction.jta.platform.internal.JtaPlatformInitiator | JtaPlatformInitiator.java:52 | HHH000490: Using JtaPlatform implementation: [org.hibernate.engine.transaction.jta.platform.internal.NoJtaPlatform]
2020-09-04 20:04:16 | INFO  | org.springframework.orm.jpa.LocalContainerEntityManagerFactoryBean | AbstractEntityManagerFactoryBean.java:416 | Initialized JPA EntityManagerFactory for persistence unit 'default'
2020-09-04 20:04:16 | INFO  | org.springframework.boot.actuate.endpoint.web.EndpointLinksResolver | EndpointLinksResolver.java:58 | Exposing 14 endpoint(s) beneath base path '/actuator'
2020-09-04 20:04:16 | INFO  | org.apache.coyote.http11.Http11NioProtocol | DirectJDKLog.java:173 | Starting ProtocolHandler ["http-nio-8088"]
2020-09-04 20:04:17 | INFO  | org.springframework.boot.web.embedded.tomcat.TomcatWebServer | TomcatWebServer.java:220 | Tomcat started on port(s): 8088 (http) with context path ''
2020-09-04 20:04:17 | INFO  | org.springframework.data.repository.config.DeferredRepositoryInitializationListener | DeferredRepositoryInitializationListener.java:49 | Triggering deferred initialization of Spring Data repositories…
2020-09-04 20:04:17 | INFO  | org.springframework.data.repository.config.DeferredRepositoryInitializationListener | DeferredRepositoryInitializationListener.java:53 | Spring Data repositories initialized!
2020-09-04 20:04:17 | INFO  | com.back.weins.WeinsApplication | StartupInfoLogger.java:61 | Started WeinsApplication in 20.203 seconds (JVM running for 21.807)
2020-09-04 20:04:18 | INFO  | org.apache.catalina.core.ContainerBase.[Tomcat].[localhost].[/] | DirectJDKLog.java:173 | Initializing Spring DispatcherServlet 'dispatcherServlet'
2020-09-04 20:04:18 | INFO  | org.springframework.web.servlet.DispatcherServlet | FrameworkServlet.java:525 | Initializing Servlet 'dispatcherServlet'
2020-09-04 20:04:18 | INFO  | org.springframework.web.servlet.DispatcherServlet | FrameworkServlet.java:547 | Completed initialization in 42 ms
2020-09-04 20:04:18 | INFO  | org.mongodb.driver.connection | SLF4JLogger.java:71 | Opened connection [connectionId{localValue:2, serverValue:81}] to localhost:27017
